12-Nov-2021 15:37:52 [main] ERROR flota.service.utils.MailOperations - com.sun.mail.util.MailConnectException: Couldn't connect to host, port: localhost, 25; timeout -1;
  nested exception is:
	java.net.ConnectException: Connection refused: connect
12-Nov-2021 15:37:52 [main] ERROR flota.service.utils.MapUtils - getDistantaTraseuCoordonate -> com.google.maps.errors.UnknownErrorException: An unexpected error occurred. Status: MAX_WAYPOINTS_EXCEEDED, Message: Too many waypoints in the request (36). The maximum allowed waypoints for this request is 25, plus the origin, and destination.
	at com.google.maps.errors.ApiException.from(ApiException.java:70)
	at com.google.maps.DirectionsApi$Response.getError(DirectionsApi.java:69)
	at com.google.maps.internal.OkHttpPendingResult.parseResponse(OkHttpPendingResult.java:236)
	at com.google.maps.internal.OkHttpPendingResult.await(OkHttpPendingResult.java:152)
	at com.google.maps.PendingResultBase.await(PendingResultBase.java:56)
	at flota.service.utils.MapUtils.getDistantaTraseuCoordonate(MapUtils.java:246)
	at flota.service.model.ServiceDelegatii.calculeazaKmTeoretici(ServiceDelegatii.java:82)
	at flota.service.model.ServiceDelegatii.calculeazaKmSfarsitLuna(ServiceDelegatii.java:63)
	at flota.service.test.TestClass.main(TestClass.java:45)

12-Nov-2021 15:41:21 [main] ERROR flota.service.utils.MailOperations - com.sun.mail.util.MailConnectException: Couldn't connect to host, port: localhost, 25; timeout -1;
  nested exception is:
	java.net.ConnectException: Connection refused: connect
12-Nov-2021 15:41:21 [main] ERROR flota.service.utils.MapUtils - getDistantaTraseuCoordonate -> com.google.maps.errors.UnknownErrorException: An unexpected error occurred. Status: MAX_WAYPOINTS_EXCEEDED, Message: Too many waypoints in the request (98). The maximum allowed waypoints for this request is 25, plus the origin, and destination.
	at com.google.maps.errors.ApiException.from(ApiException.java:70)
	at com.google.maps.DirectionsApi$Response.getError(DirectionsApi.java:69)
	at com.google.maps.internal.OkHttpPendingResult.parseResponse(OkHttpPendingResult.java:236)
	at com.google.maps.internal.OkHttpPendingResult.await(OkHttpPendingResult.java:152)
	at com.google.maps.PendingResultBase.await(PendingResultBase.java:56)
	at flota.service.utils.MapUtils.getDistantaTraseuCoordonate(MapUtils.java:246)
	at flota.service.model.ServiceDelegatii.calculeazaKmTeoretici(ServiceDelegatii.java:82)
	at flota.service.model.ServiceDelegatii.calculeazaKmSfarsitLuna(ServiceDelegatii.java:63)
	at flota.service.test.TestClass.main(TestClass.java:45)

12-Nov-2021 15:46:07 [main] ERROR flota.service.utils.MailOperations - com.sun.mail.util.MailConnectException: Couldn't connect to host, port: localhost, 25; timeout -1;
  nested exception is:
	java.net.ConnectException: Connection refused: connect
12-Nov-2021 15:46:07 [main] ERROR flota.service.utils.MapUtils - getDistantaTraseuCoordonate -> com.google.maps.errors.UnknownErrorException: An unexpected error occurred. Status: MAX_WAYPOINTS_EXCEEDED, Message: Too many waypoints in the request (31). The maximum allowed waypoints for this request is 25, plus the origin, and destination.
	at com.google.maps.errors.ApiException.from(ApiException.java:70)
	at com.google.maps.DirectionsApi$Response.getError(DirectionsApi.java:69)
	at com.google.maps.internal.OkHttpPendingResult.parseResponse(OkHttpPendingResult.java:236)
	at com.google.maps.internal.OkHttpPendingResult.await(OkHttpPendingResult.java:152)
	at com.google.maps.PendingResultBase.await(PendingResultBase.java:56)
	at flota.service.utils.MapUtils.getDistantaTraseuCoordonate(MapUtils.java:246)
	at flota.service.model.ServiceDelegatii.calculeazaKmTeoretici(ServiceDelegatii.java:82)
	at flota.service.model.ServiceDelegatii.calculeazaKmSfarsitLuna(ServiceDelegatii.java:63)
	at flota.service.test.TestClass.main(TestClass.java:45)

